           Time    Speed        Read     Read   Mapped   Mapped   Mapped   Mapped Unmapped Unmapped Unmapped Unmapped
                    M/hr      number   length   unique   length   MMrate    multi   multi+       MM    short    other
Mar 28 12:15:43     34.3      647661       75    12.9%     73.8     1.2%    81.1%     1.8%     0.0%     4.1%     0.2%
Mar 28 12:16:50     34.4     1290976       75    12.8%     73.8     1.2%    81.2%     1.8%     0.0%     4.0%     0.2%
Mar 28 12:17:58     34.2     1930524       75    12.8%     73.8     1.2%    81.1%     1.8%     0.0%     4.1%     0.2%
Mar 28 12:19:06     34.1     2570072       75    12.8%     73.8     1.2%    81.2%     1.8%     0.0%     4.0%     0.2%
Mar 28 12:20:15     34.0     3209620       75    12.8%     73.8     1.2%    81.1%     1.8%     0.0%     4.0%     0.2%
Mar 28 12:21:26     33.7     3849168       75    12.8%     73.8     1.2%    81.1%     1.8%     0.0%     4.1%     0.2%
Mar 28 12:22:40     33.3     4488716       75    12.8%     73.9     1.2%    81.1%     1.8%     0.0%     4.1%     0.2%
Mar 28 12:23:43     32.6     4968377       75    12.8%     73.9     1.2%    81.1%     1.8%     0.0%     4.1%     0.2%
Mar 28 12:24:55     31.6     5448038       75    12.8%     73.8     1.3%    81.1%     1.8%     0.0%     4.1%     0.2%
Mar 28 12:26:06     31.7     6087586       75    12.8%     73.8     1.3%    81.1%     1.8%     0.0%     4.1%     0.2%
Mar 28 12:27:16     31.8     6727134       75    12.8%     73.8     1.3%    81.1%     1.8%     0.0%     4.1%     0.2%
Mar 28 12:28:26     31.9     7366682       75    12.8%     73.8     1.3%    81.1%     1.8%     0.0%     4.1%     0.2%
Mar 28 12:29:33     32.1     8006230       75    12.8%     73.8     1.2%    81.1%     1.8%     0.0%     4.1%     0.2%
Mar 28 12:30:41     32.2     8645778       75    12.8%     73.8     1.2%    81.1%     1.8%     0.0%     4.1%     0.2%
Mar 28 12:31:47     32.4     9285326       75    12.8%     73.8     1.2%    81.1%     1.8%     0.0%     4.1%     0.2%
Mar 28 12:33:04     32.2     9924874       75    12.8%     73.8     1.2%    81.1%     1.8%     0.0%     4.1%     0.2%
Mar 28 12:34:04     32.0    10400254       75    12.8%     73.8     1.2%    81.1%     1.8%     0.0%     4.1%     0.2%
Mar 28 12:35:22     31.4    10874839       75    12.8%     73.8     1.3%    81.1%     1.8%     0.0%     4.1%     0.2%
Mar 28 12:36:35     31.4    11507619       75    12.8%     73.8     1.3%    81.1%     1.8%     0.0%     4.1%     0.2%
Mar 28 12:37:43     31.1    11982204       75    12.8%     73.8     1.3%    81.0%     1.8%     0.0%     4.1%     0.2%
Mar 28 12:38:46     30.9    12456789       75    12.8%     73.8     1.3%    81.0%     1.8%     0.0%     4.1%     0.2%
Mar 28 12:39:58     30.9    13089569       75    12.8%     73.8     1.3%    81.0%     1.8%     0.0%     4.1%     0.2%
Mar 28 12:40:59     30.5    13405959       75    12.8%     73.8     1.3%    81.0%     1.8%     0.0%     4.1%     0.2%
Mar 28 12:42:07     30.6    14038739       75    12.8%     73.8     1.3%    81.0%     1.8%     0.0%     4.1%     0.2%
Mar 28 12:43:19     30.6    14671519       75    12.8%     73.8     1.3%    81.0%     1.8%     0.0%     4.1%     0.2%
Mar 28 12:44:27     30.7    15304299       75    12.8%     73.8     1.3%    81.0%     1.8%     0.0%     4.1%     0.2%
Mar 28 12:45:35     30.8    15937079       75    12.8%     73.8     1.3%    81.0%     1.8%     0.0%     4.1%     0.2%
Mar 28 12:46:42     31.0    16569859       75    12.8%     73.8     1.3%    81.1%     1.8%     0.0%     4.1%     0.2%
Mar 28 12:47:57     30.9    17202639       75    12.8%     73.8     1.3%    81.1%     1.8%     0.0%     4.1%     0.2%
Mar 28 12:49:19     30.5    17677224       75    12.8%     73.8     1.3%    81.0%     1.8%     0.0%     4.1%     0.2%
Mar 28 12:50:34     30.3    18151809       75    12.8%     73.8     1.3%    81.0%     1.8%     0.0%     4.1%     0.2%
Mar 28 12:51:52     30.0    18626394       75    12.8%     73.8     1.3%    81.0%     1.8%     0.0%     4.1%     0.2%
Mar 28 12:53:02     29.8    19100979       75    12.8%     73.8     1.3%    81.0%     1.8%     0.0%     4.1%     0.2%
Mar 28 12:54:18     29.6    19575564       75    12.8%     73.8     1.3%    81.0%     1.8%     0.0%     4.1%     0.2%
Mar 28 12:55:26     29.7    20208344       75    12.8%     73.8     1.3%    81.0%     1.8%     0.0%     4.1%     0.2%
Mar 28 12:56:36     29.8    20841124       75    12.8%     73.8     1.3%    81.0%     1.8%     0.0%     4.1%     0.2%
Mar 28 12:57:42     29.9    21473904       75    12.8%     73.8     1.3%    81.0%     1.8%     0.0%     4.1%     0.2%
Mar 28 12:58:47     30.0    22106684       75    12.8%     73.8     1.3%    81.0%     1.8%     0.0%     4.1%     0.2%
Mar 28 12:59:53     30.1    22739464       75    12.8%     73.8     1.3%    81.0%     1.8%     0.0%     4.1%     0.2%
Mar 28 13:01:03     30.2    23372244       75    12.8%     73.8     1.3%    81.0%     1.8%     0.0%     4.1%     0.2%
Mar 28 13:02:13     30.2    24005024       75    12.8%     73.8     1.3%    81.0%     1.8%     0.0%     4.1%     0.2%
Mar 28 13:03:25     30.3    24637804       75    12.8%     73.8     1.3%    81.0%     1.8%     0.0%     4.1%     0.2%
Mar 28 13:04:37     30.1    25112389       75    12.8%     73.8     1.3%    81.0%     1.8%     0.0%     4.1%     0.2%
Mar 28 13:05:46     30.0    25586974       75    12.8%     73.8     1.3%    81.0%     1.8%     0.0%     4.1%     0.2%
Mar 28 13:06:46     30.0    26061559       75    12.8%     73.8     1.3%    81.0%     1.8%     0.0%     4.1%     0.2%
Mar 28 13:08:05     29.9    26694339       75    12.8%     73.8     1.3%    81.0%     1.8%     0.0%     4.1%     0.2%
ALL DONE!
